2023-03-07 16:06:57.658 INFO  [                main] com.lin.opush.OpushApplication          :logStarting         :55   >> Starting OpushApplication using Java 1.8.0_241 on LAPTOP-UHQKKGQO with PID 8664 (C:\Users\a\Desktop\Opush\opush-web\target\classes started by a in C:\Users\a\Desktop\Opush)
2023-03-07 16:06:57.808 INFO  [                main] com.lin.opush.OpushApplication          :ogStartupProfileInfo:637  >> The following 1 profile is active: "dev"
2023-03-07 16:07:00.114 INFO  [                main] y.config.RepositoryConfigurationDelegate:ltipleStoresDetected:262  >> Multiple Spring Data modules found, entering strict repository configuration mode
2023-03-07 16:07:00.114 INFO  [                main] y.config.RepositoryConfigurationDelegate:gisterRepositoriesIn:132  >> Bootstrapping Spring Data JPA repositories in DEFAULT mode.
2023-03-07 16:07:00.397 INFO  [                main] y.config.RepositoryConfigurationDelegate:gisterRepositoriesIn:201  >> Finished Spring Data repository scanning in 246 ms. Found 2 JPA repository interfaces.
2023-03-07 16:07:00.439 INFO  [                main] y.config.RepositoryConfigurationDelegate:ltipleStoresDetected:262  >> Multiple Spring Data modules found, entering strict repository configuration mode
2023-03-07 16:07:00.448 INFO  [                main] y.config.RepositoryConfigurationDelegate:gisterRepositoriesIn:132  >> Bootstrapping Spring Data Redis repositories in DEFAULT mode.
2023-03-07 16:07:00.508 INFO  [                main] .RepositoryConfigurationExtensionSupport:tRepositoryCandidate:349  >> Spring Data Redis - Could not safely identify store assignment for repository candidate interface com.lin.opush.dao.ChannelAccountDao; If you want this repository to be a Redis repository, consider annotating your entities with one of these annotations: org.springframework.data.redis.core.RedisHash (preferred), or consider extending one of the following types with your repository: org.springframework.data.keyvalue.repository.KeyValueRepository
2023-03-07 16:07:00.518 INFO  [                main] .RepositoryConfigurationExtensionSupport:tRepositoryCandidate:349  >> Spring Data Redis - Could not safely identify store assignment for repository candidate interface com.lin.opush.dao.UserDao; If you want this repository to be a Redis repository, consider annotating your entities with one of these annotations: org.springframework.data.redis.core.RedisHash (preferred), or consider extending one of the following types with your repository: org.springframework.data.keyvalue.repository.KeyValueRepository
2023-03-07 16:07:00.518 INFO  [                main] y.config.RepositoryConfigurationDelegate:gisterRepositoriesIn:201  >> Finished Spring Data repository scanning in 45 ms. Found 0 Redis repository interfaces.
2023-03-07 16:07:02.475 INFO  [                main] boot.web.embedded.tomcat.TomcatWebServer:initialize          :108  >> Tomcat initialized with port(s): 8080 (http)
2023-03-07 16:07:02.515 INFO  [                main] g.apache.coyote.http11.Http11NioProtocol:log                 :173  >> Initializing ProtocolHandler ["http-nio-8080"]
2023-03-07 16:07:02.515 INFO  [                main] org.apache.catalina.core.StandardService:log                 :173  >> Starting service [Tomcat]
2023-03-07 16:07:02.515 INFO  [                main] org.apache.catalina.core.StandardEngine :log                 :173  >> Starting Servlet engine: [Apache Tomcat/9.0.70]
2023-03-07 16:07:03.118 INFO  [                main] e.ContainerBase.[Tomcat].[localhost].[/]:log                 :173  >> Initializing Spring embedded WebApplicationContext
2023-03-07 16:07:03.118 INFO  [                main] ntext.ServletWebServerApplicationContext:ebApplicationContext:292  >> Root WebApplicationContext: initialization completed in 5150 ms
2023-03-07 16:07:03.719 INFO  [                main] toconfigure.DruidDataSourceAutoConfigure:dataSource          :56   >> Init DruidDataSource
2023-03-07 16:07:12.557 INFO  [                main] com.alibaba.druid.pool.DruidDataSource  :init                :998  >> {dataSource-1} inited
2023-03-07 16:07:12.834 INFO  [                main] rg.hibernate.jpa.internal.util.LogHelper:tenceUnitInformation:31   >> HHH000204: Processing PersistenceUnitInfo [name: default]
2023-03-07 16:07:12.972 INFO  [                main] org.hibernate.Version                   :logVersion          :44   >> HHH000412: Hibernate ORM core version 5.6.14.Final
2023-03-07 16:07:13.369 INFO  [                main] org.hibernate.annotations.common.Version:<clinit>            :56   >> HCANN000001: Hibernate Commons Annotations {5.1.2.Final}
2023-03-07 16:07:13.849 INFO  [                main] org.hibernate.dialect.Dialect           :<init>              :175  >> HHH000400: Using dialect: org.hibernate.dialect.MySQL8Dialect
2023-03-07 16:07:16.361 INFO  [                main] a.platform.internal.JtaPlatformInitiator:initiateService     :52   >> HHH000490: Using JtaPlatform implementation: [org.hibernate.engine.transaction.jta.platform.internal.NoJtaPlatform]
2023-03-07 16:07:16.381 INFO  [                main] a.LocalContainerEntityManagerFactoryBean:EntityManagerFactory:437  >> Initialized JPA EntityManagerFactory for persistence unit 'default'
2023-03-07 16:07:19.628 INFO  [                main] g.apache.coyote.http11.Http11NioProtocol:log                 :173  >> Starting ProtocolHandler ["http-nio-8080"]
2023-03-07 16:07:19.683 INFO  [                main] boot.web.embedded.tomcat.TomcatWebServer:start               :220  >> Tomcat started on port(s): 8080 (http) with context path ''
2023-03-07 16:07:19.707 INFO  [                main] com.lin.opush.OpushApplication          :logStarted          :61   >> Started OpushApplication in 24.233 seconds (JVM running for 29.953)
2023-03-07 16:09:41.332 INFO  [SpringApplicationShutdownHook] a.LocalContainerEntityManagerFactoryBean:destroy             :651  >> Closing JPA EntityManagerFactory for persistence unit 'default'
2023-03-07 16:09:41.532 INFO  [SpringApplicationShutdownHook] com.alibaba.druid.pool.DruidDataSource  :close               :2071 >> {dataSource-1} closing ...
2023-03-07 16:09:41.562 INFO  [SpringApplicationShutdownHook] com.alibaba.druid.pool.DruidDataSource  :close               :2144 >> {dataSource-1} closed
2023-03-07 16:09:53.765 INFO  [                main] com.lin.opush.OpushApplication          :logStarting         :55   >> Starting OpushApplication using Java 1.8.0_241 on LAPTOP-UHQKKGQO with PID 23284 (C:\Users\a\Desktop\Opush\opush-web\target\classes started by a in C:\Users\a\Desktop\Opush)
2023-03-07 16:09:53.795 INFO  [                main] com.lin.opush.OpushApplication          :ogStartupProfileInfo:637  >> The following 1 profile is active: "dev"
2023-03-07 16:09:57.033 INFO  [                main] y.config.RepositoryConfigurationDelegate:ltipleStoresDetected:262  >> Multiple Spring Data modules found, entering strict repository configuration mode
2023-03-07 16:09:57.033 INFO  [                main] y.config.RepositoryConfigurationDelegate:gisterRepositoriesIn:132  >> Bootstrapping Spring Data JPA repositories in DEFAULT mode.
2023-03-07 16:09:57.303 INFO  [                main] y.config.RepositoryConfigurationDelegate:gisterRepositoriesIn:201  >> Finished Spring Data repository scanning in 246 ms. Found 2 JPA repository interfaces.
2023-03-07 16:09:57.343 INFO  [                main] y.config.RepositoryConfigurationDelegate:ltipleStoresDetected:262  >> Multiple Spring Data modules found, entering strict repository configuration mode
2023-03-07 16:09:57.353 INFO  [                main] y.config.RepositoryConfigurationDelegate:gisterRepositoriesIn:132  >> Bootstrapping Spring Data Redis repositories in DEFAULT mode.
2023-03-07 16:09:57.413 INFO  [                main] .RepositoryConfigurationExtensionSupport:tRepositoryCandidate:349  >> Spring Data Redis - Could not safely identify store assignment for repository candidate interface com.lin.opush.dao.ChannelAccountDao; If you want this repository to be a Redis repository, consider annotating your entities with one of these annotations: org.springframework.data.redis.core.RedisHash (preferred), or consider extending one of the following types with your repository: org.springframework.data.keyvalue.repository.KeyValueRepository
2023-03-07 16:09:57.413 INFO  [                main] .RepositoryConfigurationExtensionSupport:tRepositoryCandidate:349  >> Spring Data Redis - Could not safely identify store assignment for repository candidate interface com.lin.opush.dao.UserDao; If you want this repository to be a Redis repository, consider annotating your entities with one of these annotations: org.springframework.data.redis.core.RedisHash (preferred), or consider extending one of the following types with your repository: org.springframework.data.keyvalue.repository.KeyValueRepository
2023-03-07 16:09:57.413 INFO  [                main] y.config.RepositoryConfigurationDelegate:gisterRepositoriesIn:201  >> Finished Spring Data repository scanning in 42 ms. Found 0 Redis repository interfaces.
2023-03-07 16:09:58.997 INFO  [                main] boot.web.embedded.tomcat.TomcatWebServer:initialize          :108  >> Tomcat initialized with port(s): 8080 (http)
2023-03-07 16:09:59.037 INFO  [                main] g.apache.coyote.http11.Http11NioProtocol:log                 :173  >> Initializing ProtocolHandler ["http-nio-8080"]
2023-03-07 16:09:59.047 INFO  [                main] org.apache.catalina.core.StandardService:log                 :173  >> Starting service [Tomcat]
2023-03-07 16:09:59.047 INFO  [                main] org.apache.catalina.core.StandardEngine :log                 :173  >> Starting Servlet engine: [Apache Tomcat/9.0.70]
2023-03-07 16:09:59.597 INFO  [                main] e.ContainerBase.[Tomcat].[localhost].[/]:log                 :173  >> Initializing Spring embedded WebApplicationContext
2023-03-07 16:09:59.597 INFO  [                main] ntext.ServletWebServerApplicationContext:ebApplicationContext:292  >> Root WebApplicationContext: initialization completed in 5574 ms
2023-03-07 16:09:59.958 INFO  [                main] toconfigure.DruidDataSourceAutoConfigure:dataSource          :56   >> Init DruidDataSource
2023-03-07 16:10:09.129 INFO  [                main] com.alibaba.druid.pool.DruidDataSource  :init                :998  >> {dataSource-1} inited
2023-03-07 16:10:09.379 INFO  [                main] rg.hibernate.jpa.internal.util.LogHelper:tenceUnitInformation:31   >> HHH000204: Processing PersistenceUnitInfo [name: default]
2023-03-07 16:10:09.489 INFO  [                main] org.hibernate.Version                   :logVersion          :44   >> HHH000412: Hibernate ORM core version 5.6.14.Final
2023-03-07 16:10:09.819 INFO  [                main] org.hibernate.annotations.common.Version:<clinit>            :56   >> HCANN000001: Hibernate Commons Annotations {5.1.2.Final}
2023-03-07 16:10:10.099 INFO  [                main] org.hibernate.dialect.Dialect           :<init>              :175  >> HHH000400: Using dialect: org.hibernate.dialect.MySQL8Dialect
2023-03-07 16:10:11.251 INFO  [                main] a.platform.internal.JtaPlatformInitiator:initiateService     :52   >> HHH000490: Using JtaPlatform implementation: [org.hibernate.engine.transaction.jta.platform.internal.NoJtaPlatform]
2023-03-07 16:10:11.271 INFO  [                main] a.LocalContainerEntityManagerFactoryBean:EntityManagerFactory:437  >> Initialized JPA EntityManagerFactory for persistence unit 'default'
2023-03-07 16:10:14.428 INFO  [                main] g.apache.coyote.http11.Http11NioProtocol:log                 :173  >> Starting ProtocolHandler ["http-nio-8080"]
2023-03-07 16:10:14.481 INFO  [                main] boot.web.embedded.tomcat.TomcatWebServer:start               :220  >> Tomcat started on port(s): 8080 (http) with context path ''
2023-03-07 16:10:14.502 INFO  [                main] com.lin.opush.OpushApplication          :logStarted          :61   >> Started OpushApplication in 23.535 seconds (JVM running for 27.016)
2023-03-07 16:17:37.304 INFO  [SpringApplicationShutdownHook] a.LocalContainerEntityManagerFactoryBean:destroy             :651  >> Closing JPA EntityManagerFactory for persistence unit 'default'
2023-03-07 16:17:37.434 INFO  [SpringApplicationShutdownHook] com.alibaba.druid.pool.DruidDataSource  :close               :2071 >> {dataSource-1} closing ...
2023-03-07 16:17:37.504 INFO  [SpringApplicationShutdownHook] com.alibaba.druid.pool.DruidDataSource  :close               :2144 >> {dataSource-1} closed
2023-03-07 16:17:52.418 INFO  [                main] com.lin.opush.OpushApplication          :logStarting         :55   >> Starting OpushApplication using Java 1.8.0_241 on LAPTOP-UHQKKGQO with PID 15788 (C:\Users\a\Desktop\Opush\opush-web\target\classes started by a in C:\Users\a\Desktop\Opush)
2023-03-07 16:17:52.501 INFO  [                main] com.lin.opush.OpushApplication          :ogStartupProfileInfo:637  >> The following 1 profile is active: "dev"
2023-03-07 16:17:55.861 INFO  [                main] y.config.RepositoryConfigurationDelegate:ltipleStoresDetected:262  >> Multiple Spring Data modules found, entering strict repository configuration mode
2023-03-07 16:17:55.871 INFO  [                main] y.config.RepositoryConfigurationDelegate:gisterRepositoriesIn:132  >> Bootstrapping Spring Data JPA repositories in DEFAULT mode.
2023-03-07 16:17:56.180 INFO  [                main] y.config.RepositoryConfigurationDelegate:gisterRepositoriesIn:201  >> Finished Spring Data repository scanning in 262 ms. Found 2 JPA repository interfaces.
2023-03-07 16:17:56.247 INFO  [                main] y.config.RepositoryConfigurationDelegate:ltipleStoresDetected:262  >> Multiple Spring Data modules found, entering strict repository configuration mode
2023-03-07 16:17:56.250 INFO  [                main] y.config.RepositoryConfigurationDelegate:gisterRepositoriesIn:132  >> Bootstrapping Spring Data Redis repositories in DEFAULT mode.
2023-03-07 16:17:56.350 INFO  [                main] .RepositoryConfigurationExtensionSupport:tRepositoryCandidate:349  >> Spring Data Redis - Could not safely identify store assignment for repository candidate interface com.lin.opush.dao.ChannelAccountDao; If you want this repository to be a Redis repository, consider annotating your entities with one of these annotations: org.springframework.data.redis.core.RedisHash (preferred), or consider extending one of the following types with your repository: org.springframework.data.keyvalue.repository.KeyValueRepository
2023-03-07 16:17:56.360 INFO  [                main] .RepositoryConfigurationExtensionSupport:tRepositoryCandidate:349  >> Spring Data Redis - Could not safely identify store assignment for repository candidate interface com.lin.opush.dao.UserDao; If you want this repository to be a Redis repository, consider annotating your entities with one of these annotations: org.springframework.data.redis.core.RedisHash (preferred), or consider extending one of the following types with your repository: org.springframework.data.keyvalue.repository.KeyValueRepository
2023-03-07 16:17:56.360 INFO  [                main] y.config.RepositoryConfigurationDelegate:gisterRepositoriesIn:201  >> Finished Spring Data repository scanning in 73 ms. Found 0 Redis repository interfaces.
2023-03-07 16:17:58.877 INFO  [                main] boot.web.embedded.tomcat.TomcatWebServer:initialize          :108  >> Tomcat initialized with port(s): 8080 (http)
2023-03-07 16:17:58.917 INFO  [                main] g.apache.coyote.http11.Http11NioProtocol:log                 :173  >> Initializing ProtocolHandler ["http-nio-8080"]
2023-03-07 16:17:58.917 INFO  [                main] org.apache.catalina.core.StandardService:log                 :173  >> Starting service [Tomcat]
2023-03-07 16:17:58.917 INFO  [                main] org.apache.catalina.core.StandardEngine :log                 :173  >> Starting Servlet engine: [Apache Tomcat/9.0.70]
2023-03-07 16:18:00.551 INFO  [                main] e.ContainerBase.[Tomcat].[localhost].[/]:log                 :173  >> Initializing Spring embedded WebApplicationContext
2023-03-07 16:18:00.552 INFO  [                main] ntext.ServletWebServerApplicationContext:ebApplicationContext:292  >> Root WebApplicationContext: initialization completed in 7799 ms
2023-03-07 16:18:01.103 INFO  [                main] toconfigure.DruidDataSourceAutoConfigure:dataSource          :56   >> Init DruidDataSource
2023-03-07 16:18:11.110 INFO  [                main] com.alibaba.druid.pool.DruidDataSource  :init                :998  >> {dataSource-1} inited
2023-03-07 16:18:11.505 INFO  [                main] rg.hibernate.jpa.internal.util.LogHelper:tenceUnitInformation:31   >> HHH000204: Processing PersistenceUnitInfo [name: default]
2023-03-07 16:18:11.826 INFO  [                main] org.hibernate.Version                   :logVersion          :44   >> HHH000412: Hibernate ORM core version 5.6.14.Final
2023-03-07 16:18:12.595 INFO  [                main] org.hibernate.annotations.common.Version:<clinit>            :56   >> HCANN000001: Hibernate Commons Annotations {5.1.2.Final}
2023-03-07 16:18:13.198 INFO  [                main] org.hibernate.dialect.Dialect           :<init>              :175  >> HHH000400: Using dialect: org.hibernate.dialect.MySQL8Dialect
2023-03-07 16:18:15.060 INFO  [                main] a.platform.internal.JtaPlatformInitiator:initiateService     :52   >> HHH000490: Using JtaPlatform implementation: [org.hibernate.engine.transaction.jta.platform.internal.NoJtaPlatform]
2023-03-07 16:18:15.126 INFO  [                main] a.LocalContainerEntityManagerFactoryBean:EntityManagerFactory:437  >> Initialized JPA EntityManagerFactory for persistence unit 'default'
2023-03-07 16:18:20.485 INFO  [                main] g.apache.coyote.http11.Http11NioProtocol:log                 :173  >> Starting ProtocolHandler ["http-nio-8080"]
2023-03-07 16:18:20.545 INFO  [                main] boot.web.embedded.tomcat.TomcatWebServer:start               :220  >> Tomcat started on port(s): 8080 (http) with context path ''
2023-03-07 16:18:20.565 INFO  [                main] com.lin.opush.OpushApplication          :logStarted          :61   >> Started OpushApplication in 30.503 seconds (JVM running for 36.453)
2023-03-07 16:20:40.555 INFO  [SpringApplicationShutdownHook] a.LocalContainerEntityManagerFactoryBean:destroy             :651  >> Closing JPA EntityManagerFactory for persistence unit 'default'
2023-03-07 16:20:40.645 INFO  [SpringApplicationShutdownHook] com.alibaba.druid.pool.DruidDataSource  :close               :2071 >> {dataSource-1} closing ...
2023-03-07 16:20:40.675 INFO  [SpringApplicationShutdownHook] com.alibaba.druid.pool.DruidDataSource  :close               :2144 >> {dataSource-1} closed
2023-03-07 16:20:50.303 INFO  [                main] com.lin.opush.OpushApplication          :logStarting         :55   >> Starting OpushApplication using Java 1.8.0_241 on LAPTOP-UHQKKGQO with PID 11600 (C:\Users\a\Desktop\Opush\opush-web\target\classes started by a in C:\Users\a\Desktop\Opush)
2023-03-07 16:20:50.331 INFO  [                main] com.lin.opush.OpushApplication          :ogStartupProfileInfo:637  >> The following 1 profile is active: "dev"
2023-03-07 16:20:52.555 INFO  [                main] y.config.RepositoryConfigurationDelegate:ltipleStoresDetected:262  >> Multiple Spring Data modules found, entering strict repository configuration mode
2023-03-07 16:20:52.555 INFO  [                main] y.config.RepositoryConfigurationDelegate:gisterRepositoriesIn:132  >> Bootstrapping Spring Data JPA repositories in DEFAULT mode.
2023-03-07 16:20:52.765 INFO  [                main] y.config.RepositoryConfigurationDelegate:gisterRepositoriesIn:201  >> Finished Spring Data repository scanning in 186 ms. Found 2 JPA repository interfaces.
2023-03-07 16:20:52.805 INFO  [                main] y.config.RepositoryConfigurationDelegate:ltipleStoresDetected:262  >> Multiple Spring Data modules found, entering strict repository configuration mode
2023-03-07 16:20:52.805 INFO  [                main] y.config.RepositoryConfigurationDelegate:gisterRepositoriesIn:132  >> Bootstrapping Spring Data Redis repositories in DEFAULT mode.
2023-03-07 16:20:52.865 INFO  [                main] .RepositoryConfigurationExtensionSupport:tRepositoryCandidate:349  >> Spring Data Redis - Could not safely identify store assignment for repository candidate interface com.lin.opush.dao.ChannelAccountDao; If you want this repository to be a Redis repository, consider annotating your entities with one of these annotations: org.springframework.data.redis.core.RedisHash (preferred), or consider extending one of the following types with your repository: org.springframework.data.keyvalue.repository.KeyValueRepository
2023-03-07 16:20:52.865 INFO  [                main] .RepositoryConfigurationExtensionSupport:tRepositoryCandidate:349  >> Spring Data Redis - Could not safely identify store assignment for repository candidate interface com.lin.opush.dao.UserDao; If you want this repository to be a Redis repository, consider annotating your entities with one of these annotations: org.springframework.data.redis.core.RedisHash (preferred), or consider extending one of the following types with your repository: org.springframework.data.keyvalue.repository.KeyValueRepository
2023-03-07 16:20:52.865 INFO  [                main] y.config.RepositoryConfigurationDelegate:gisterRepositoriesIn:201  >> Finished Spring Data repository scanning in 37 ms. Found 0 Redis repository interfaces.
2023-03-07 16:20:54.101 INFO  [                main] boot.web.embedded.tomcat.TomcatWebServer:initialize          :108  >> Tomcat initialized with port(s): 8080 (http)
2023-03-07 16:20:54.119 INFO  [                main] g.apache.coyote.http11.Http11NioProtocol:log                 :173  >> Initializing ProtocolHandler ["http-nio-8080"]
2023-03-07 16:20:54.129 INFO  [                main] org.apache.catalina.core.StandardService:log                 :173  >> Starting service [Tomcat]
2023-03-07 16:20:54.129 INFO  [                main] org.apache.catalina.core.StandardEngine :log                 :173  >> Starting Servlet engine: [Apache Tomcat/9.0.70]
2023-03-07 16:20:54.497 INFO  [                main] e.ContainerBase.[Tomcat].[localhost].[/]:log                 :173  >> Initializing Spring embedded WebApplicationContext
2023-03-07 16:20:54.497 INFO  [                main] ntext.ServletWebServerApplicationContext:ebApplicationContext:292  >> Root WebApplicationContext: initialization completed in 3975 ms
2023-03-07 16:20:54.777 INFO  [                main] toconfigure.DruidDataSourceAutoConfigure:dataSource          :56   >> Init DruidDataSource
2023-03-07 16:21:03.477 INFO  [                main] com.alibaba.druid.pool.DruidDataSource  :init                :998  >> {dataSource-1} inited
2023-03-07 16:21:03.697 INFO  [                main] rg.hibernate.jpa.internal.util.LogHelper:tenceUnitInformation:31   >> HHH000204: Processing PersistenceUnitInfo [name: default]
2023-03-07 16:21:03.837 INFO  [                main] org.hibernate.Version                   :logVersion          :44   >> HHH000412: Hibernate ORM core version 5.6.14.Final
2023-03-07 16:21:04.187 INFO  [                main] org.hibernate.annotations.common.Version:<clinit>            :56   >> HCANN000001: Hibernate Commons Annotations {5.1.2.Final}
2023-03-07 16:21:04.488 INFO  [                main] org.hibernate.dialect.Dialect           :<init>              :175  >> HHH000400: Using dialect: org.hibernate.dialect.MySQL8Dialect
2023-03-07 16:21:05.713 INFO  [                main] a.platform.internal.JtaPlatformInitiator:initiateService     :52   >> HHH000490: Using JtaPlatform implementation: [org.hibernate.engine.transaction.jta.platform.internal.NoJtaPlatform]
2023-03-07 16:21:05.743 INFO  [                main] a.LocalContainerEntityManagerFactoryBean:EntityManagerFactory:437  >> Initialized JPA EntityManagerFactory for persistence unit 'default'
2023-03-07 16:21:10.557 INFO  [                main] g.apache.coyote.http11.Http11NioProtocol:log                 :173  >> Starting ProtocolHandler ["http-nio-8080"]
2023-03-07 16:21:10.627 INFO  [                main] boot.web.embedded.tomcat.TomcatWebServer:start               :220  >> Tomcat started on port(s): 8080 (http) with context path ''
2023-03-07 16:21:10.657 INFO  [                main] com.lin.opush.OpushApplication          :logStarted          :61   >> Started OpushApplication in 22.766 seconds (JVM running for 26.424)
2023-03-07 16:22:33.994 INFO  [SpringApplicationShutdownHook] a.LocalContainerEntityManagerFactoryBean:destroy             :651  >> Closing JPA EntityManagerFactory for persistence unit 'default'
2023-03-07 16:22:34.054 INFO  [SpringApplicationShutdownHook] com.alibaba.druid.pool.DruidDataSource  :close               :2071 >> {dataSource-1} closing ...
2023-03-07 16:22:34.104 INFO  [SpringApplicationShutdownHook] com.alibaba.druid.pool.DruidDataSource  :close               :2144 >> {dataSource-1} closed
2023-03-07 16:22:47.498 INFO  [                main] com.lin.opush.OpushApplication          :logStarting         :55   >> Starting OpushApplication using Java 1.8.0_241 on LAPTOP-UHQKKGQO with PID 7652 (C:\Users\a\Desktop\Opush\opush-web\target\classes started by a in C:\Users\a\Desktop\Opush)
2023-03-07 16:22:47.523 INFO  [                main] com.lin.opush.OpushApplication          :ogStartupProfileInfo:637  >> The following 1 profile is active: "dev"
2023-03-07 16:22:49.677 INFO  [                main] y.config.RepositoryConfigurationDelegate:ltipleStoresDetected:262  >> Multiple Spring Data modules found, entering strict repository configuration mode
2023-03-07 16:22:49.677 INFO  [                main] y.config.RepositoryConfigurationDelegate:gisterRepositoriesIn:132  >> Bootstrapping Spring Data JPA repositories in DEFAULT mode.
2023-03-07 16:22:50.207 INFO  [                main] y.config.RepositoryConfigurationDelegate:gisterRepositoriesIn:201  >> Finished Spring Data repository scanning in 483 ms. Found 2 JPA repository interfaces.
2023-03-07 16:22:50.268 INFO  [                main] y.config.RepositoryConfigurationDelegate:ltipleStoresDetected:262  >> Multiple Spring Data modules found, entering strict repository configuration mode
2023-03-07 16:22:50.276 INFO  [                main] y.config.RepositoryConfigurationDelegate:gisterRepositoriesIn:132  >> Bootstrapping Spring Data Redis repositories in DEFAULT mode.
2023-03-07 16:22:50.367 INFO  [                main] .RepositoryConfigurationExtensionSupport:tRepositoryCandidate:349  >> Spring Data Redis - Could not safely identify store assignment for repository candidate interface com.lin.opush.dao.ChannelAccountDao; If you want this repository to be a Redis repository, consider annotating your entities with one of these annotations: org.springframework.data.redis.core.RedisHash (preferred), or consider extending one of the following types with your repository: org.springframework.data.keyvalue.repository.KeyValueRepository
2023-03-07 16:22:50.369 INFO  [                main] .RepositoryConfigurationExtensionSupport:tRepositoryCandidate:349  >> Spring Data Redis - Could not safely identify store assignment for repository candidate interface com.lin.opush.dao.UserDao; If you want this repository to be a Redis repository, consider annotating your entities with one of these annotations: org.springframework.data.redis.core.RedisHash (preferred), or consider extending one of the following types with your repository: org.springframework.data.keyvalue.repository.KeyValueRepository
2023-03-07 16:22:50.369 INFO  [                main] y.config.RepositoryConfigurationDelegate:gisterRepositoriesIn:201  >> Finished Spring Data repository scanning in 61 ms. Found 0 Redis repository interfaces.
2023-03-07 16:22:52.437 INFO  [                main] boot.web.embedded.tomcat.TomcatWebServer:initialize          :108  >> Tomcat initialized with port(s): 8080 (http)
2023-03-07 16:22:52.467 INFO  [                main] g.apache.coyote.http11.Http11NioProtocol:log                 :173  >> Initializing ProtocolHandler ["http-nio-8080"]
2023-03-07 16:22:52.467 INFO  [                main] org.apache.catalina.core.StandardService:log                 :173  >> Starting service [Tomcat]
2023-03-07 16:22:52.467 INFO  [                main] org.apache.catalina.core.StandardEngine :log                 :173  >> Starting Servlet engine: [Apache Tomcat/9.0.70]
2023-03-07 16:22:53.263 INFO  [                main] e.ContainerBase.[Tomcat].[localhost].[/]:log                 :173  >> Initializing Spring embedded WebApplicationContext
2023-03-07 16:22:53.263 INFO  [                main] ntext.ServletWebServerApplicationContext:ebApplicationContext:292  >> Root WebApplicationContext: initialization completed in 5620 ms
2023-03-07 16:22:53.553 INFO  [                main] toconfigure.DruidDataSourceAutoConfigure:dataSource          :56   >> Init DruidDataSource
2023-03-07 16:23:02.364 INFO  [                main] com.alibaba.druid.pool.DruidDataSource  :init                :998  >> {dataSource-1} inited
2023-03-07 16:23:02.652 INFO  [                main] rg.hibernate.jpa.internal.util.LogHelper:tenceUnitInformation:31   >> HHH000204: Processing PersistenceUnitInfo [name: default]
2023-03-07 16:23:02.792 INFO  [                main] org.hibernate.Version                   :logVersion          :44   >> HHH000412: Hibernate ORM core version 5.6.14.Final
2023-03-07 16:23:03.312 INFO  [                main] org.hibernate.annotations.common.Version:<clinit>            :56   >> HCANN000001: Hibernate Commons Annotations {5.1.2.Final}
2023-03-07 16:23:03.702 INFO  [                main] org.hibernate.dialect.Dialect           :<init>              :175  >> HHH000400: Using dialect: org.hibernate.dialect.MySQL8Dialect
2023-03-07 16:23:05.291 INFO  [                main] a.platform.internal.JtaPlatformInitiator:initiateService     :52   >> HHH000490: Using JtaPlatform implementation: [org.hibernate.engine.transaction.jta.platform.internal.NoJtaPlatform]
2023-03-07 16:23:05.321 INFO  [                main] a.LocalContainerEntityManagerFactoryBean:EntityManagerFactory:437  >> Initialized JPA EntityManagerFactory for persistence unit 'default'
2023-03-07 16:23:09.408 INFO  [                main] g.apache.coyote.http11.Http11NioProtocol:log                 :173  >> Starting ProtocolHandler ["http-nio-8080"]
2023-03-07 16:23:09.469 INFO  [                main] boot.web.embedded.tomcat.TomcatWebServer:start               :220  >> Tomcat started on port(s): 8080 (http) with context path ''
2023-03-07 16:23:09.489 INFO  [                main] com.lin.opush.OpushApplication          :logStarted          :61   >> Started OpushApplication in 24.765 seconds (JVM running for 30.151)
2023-03-07 16:25:10.812 INFO  [SpringApplicationShutdownHook] a.LocalContainerEntityManagerFactoryBean:destroy             :651  >> Closing JPA EntityManagerFactory for persistence unit 'default'
2023-03-07 16:25:10.852 INFO  [SpringApplicationShutdownHook] com.alibaba.druid.pool.DruidDataSource  :close               :2071 >> {dataSource-1} closing ...
2023-03-07 16:25:10.882 INFO  [SpringApplicationShutdownHook] com.alibaba.druid.pool.DruidDataSource  :close               :2144 >> {dataSource-1} closed
2023-03-07 16:25:18.080 INFO  [                main] com.lin.opush.OpushApplication          :logStarting         :55   >> Starting OpushApplication using Java 1.8.0_241 on LAPTOP-UHQKKGQO with PID 8516 (C:\Users\a\Desktop\Opush\opush-web\target\classes started by a in C:\Users\a\Desktop\Opush)
2023-03-07 16:25:18.090 INFO  [                main] com.lin.opush.OpushApplication          :ogStartupProfileInfo:637  >> The following 1 profile is active: "dev"
2023-03-07 16:25:19.422 INFO  [                main] y.config.RepositoryConfigurationDelegate:ltipleStoresDetected:262  >> Multiple Spring Data modules found, entering strict repository configuration mode
2023-03-07 16:25:19.423 INFO  [                main] y.config.RepositoryConfigurationDelegate:gisterRepositoriesIn:132  >> Bootstrapping Spring Data JPA repositories in DEFAULT mode.
2023-03-07 16:25:19.601 INFO  [                main] y.config.RepositoryConfigurationDelegate:gisterRepositoriesIn:201  >> Finished Spring Data repository scanning in 159 ms. Found 2 JPA repository interfaces.
2023-03-07 16:25:19.631 INFO  [                main] y.config.RepositoryConfigurationDelegate:ltipleStoresDetected:262  >> Multiple Spring Data modules found, entering strict repository configuration mode
2023-03-07 16:25:19.635 INFO  [                main] y.config.RepositoryConfigurationDelegate:gisterRepositoriesIn:132  >> Bootstrapping Spring Data Redis repositories in DEFAULT mode.
2023-03-07 16:25:19.686 INFO  [                main] .RepositoryConfigurationExtensionSupport:tRepositoryCandidate:349  >> Spring Data Redis - Could not safely identify store assignment for repository candidate interface com.lin.opush.dao.ChannelAccountDao; If you want this repository to be a Redis repository, consider annotating your entities with one of these annotations: org.springframework.data.redis.core.RedisHash (preferred), or consider extending one of the following types with your repository: org.springframework.data.keyvalue.repository.KeyValueRepository
2023-03-07 16:25:19.688 INFO  [                main] .RepositoryConfigurationExtensionSupport:tRepositoryCandidate:349  >> Spring Data Redis - Could not safely identify store assignment for repository candidate interface com.lin.opush.dao.UserDao; If you want this repository to be a Redis repository, consider annotating your entities with one of these annotations: org.springframework.data.redis.core.RedisHash (preferred), or consider extending one of the following types with your repository: org.springframework.data.keyvalue.repository.KeyValueRepository
2023-03-07 16:25:19.689 INFO  [                main] y.config.RepositoryConfigurationDelegate:gisterRepositoriesIn:201  >> Finished Spring Data repository scanning in 33 ms. Found 0 Redis repository interfaces.
2023-03-07 16:25:20.821 INFO  [                main] boot.web.embedded.tomcat.TomcatWebServer:initialize          :108  >> Tomcat initialized with port(s): 8080 (http)
2023-03-07 16:25:20.841 INFO  [                main] g.apache.coyote.http11.Http11NioProtocol:log                 :173  >> Initializing ProtocolHandler ["http-nio-8080"]
2023-03-07 16:25:20.841 INFO  [                main] org.apache.catalina.core.StandardService:log                 :173  >> Starting service [Tomcat]
2023-03-07 16:25:20.841 INFO  [                main] org.apache.catalina.core.StandardEngine :log                 :173  >> Starting Servlet engine: [Apache Tomcat/9.0.70]
2023-03-07 16:25:21.152 INFO  [                main] e.ContainerBase.[Tomcat].[localhost].[/]:log                 :173  >> Initializing Spring embedded WebApplicationContext
2023-03-07 16:25:21.152 INFO  [                main] ntext.ServletWebServerApplicationContext:ebApplicationContext:292  >> Root WebApplicationContext: initialization completed in 2992 ms
2023-03-07 16:25:21.442 INFO  [                main] toconfigure.DruidDataSourceAutoConfigure:dataSource          :56   >> Init DruidDataSource
2023-03-07 16:25:29.622 INFO  [                main] com.alibaba.druid.pool.DruidDataSource  :init                :998  >> {dataSource-1} inited
2023-03-07 16:25:30.141 INFO  [                main] rg.hibernate.jpa.internal.util.LogHelper:tenceUnitInformation:31   >> HHH000204: Processing PersistenceUnitInfo [name: default]
2023-03-07 16:25:30.321 INFO  [                main] org.hibernate.Version                   :logVersion          :44   >> HHH000412: Hibernate ORM core version 5.6.14.Final
2023-03-07 16:25:31.143 INFO  [                main] org.hibernate.annotations.common.Version:<clinit>            :56   >> HCANN000001: Hibernate Commons Annotations {5.1.2.Final}
2023-03-07 16:25:31.783 INFO  [                main] org.hibernate.dialect.Dialect           :<init>              :175  >> HHH000400: Using dialect: org.hibernate.dialect.MySQL8Dialect
2023-03-07 16:25:33.811 INFO  [                main] a.platform.internal.JtaPlatformInitiator:initiateService     :52   >> HHH000490: Using JtaPlatform implementation: [org.hibernate.engine.transaction.jta.platform.internal.NoJtaPlatform]
2023-03-07 16:25:33.835 INFO  [                main] a.LocalContainerEntityManagerFactoryBean:EntityManagerFactory:437  >> Initialized JPA EntityManagerFactory for persistence unit 'default'
2023-03-07 16:25:37.861 INFO  [                main] g.apache.coyote.http11.Http11NioProtocol:log                 :173  >> Starting ProtocolHandler ["http-nio-8080"]
2023-03-07 16:25:37.934 INFO  [                main] boot.web.embedded.tomcat.TomcatWebServer:start               :220  >> Tomcat started on port(s): 8080 (http) with context path ''
2023-03-07 16:25:37.959 INFO  [                main] com.lin.opush.OpushApplication          :logStarted          :61   >> Started OpushApplication in 21.174 seconds (JVM running for 24.049)
